# JRE version: OpenJDK Runtime Environment Microsoft-13877171 (21.0.11+10) (build 21.0.11+10-LTS)
# Java VM: OpenJDK 64-Bit Server VM Microsoft-13877171 (21.0.11+10-LTS, mixed mode, emulated-client, sharing, tiered, compressed oops, compressed class ptrs, g1 gc, windows-amd64)
GC Precious Log:
 CardTable entry size: 512
 Card Set container configuration: InlinePtr #cards 5 size 8 Array Of Cards #cards 12 size 40 Howl #buckets 4 coarsen threshold 1843 Howl Bitmap #cards 512 size 80 coarsen threshold 460 Card regions per heap region 1 cards per card region 2048
 CPUs: 4 total, 4 available
 Memory: 3530M
 Large Page Support: Disabled
 NUMA Support: Disabled
 Compressed Oops: Enabled (32-bit)
 Heap Region Size: 1M
 Heap Min Capacity: 8M
 Heap Initial Capacity: 56M
 Heap Max Capacity: 884M
 Pre-touch: Disabled
 Parallel Workers: 4
 Concurrent Workers: 1
 Concurrent Refinement Workers: 4
 Periodic GC: Disabled
Heap:
 garbage-first heap   total 48128K, used 26478K [0x00000000c8c00000, 0x0000000100000000)
  region size 1024K, 6 young (6144K), 2 survivors (2048K)
 Metaspace       used 36180K, committed 36800K, reserved 1114112K
  class space    used 5023K, committed 5312K, reserved 1048576K
GC Heap History (20 events):
Event: 3.904 GC heap before
{Heap before GC invocations=0 (full 0):
 garbage-first heap   total 57344K, used 14336K [0x00000000c8c00000, 0x0000000100000000)
  region size 1024K, 13 young (13312K), 0 survivors (0K)
 Metaspace       used 3621K, committed 3776K, reserved 1114112K
  class space    used 419K, committed 512K, reserved 1048576K
}
Event: 3.920 GC heap after
{Heap after GC invocations=1 (full 0):
 garbage-first heap   total 57344K, used 7688K [0x00000000c8c00000, 0x0000000100000000)
  region size 1024K, 2 young (2048K), 2 survivors (2048K)
 Metaspace       used 3621K, committed 3776K, reserved 1114112K
  class space    used 419K, committed 512K, reserved 1048576K
}
Event: 5.292 GC heap before
{Heap before GC invocations=1 (full 0):
 garbage-first heap   total 57344K, used 18952K [0x00000000c8c00000, 0x0000000100000000)
  region size 1024K, 13 young (13312K), 2 survivors (2048K)
 Metaspace       used 8028K, committed 8320K, reserved 1114112K
  class space    used 1005K, committed 1152K, reserved 1048576K
}
Event: 5.301 GC heap after
{Heap after GC invocations=2 (full 0):
 garbage-first heap   total 57344K, used 8832K [0x00000000c8c00000, 0x0000000100000000)
  region size 1024K, 2 young (2048K), 2 survivors (2048K)
 Metaspace       used 8028K, committed 8320K, reserved 1114112K
  class space    used 1005K, committed 1152K, reserved 1048576K
}
Event: 6.517 GC heap before
{Heap before GC invocations=2 (full 0):
 garbage-first heap   total 57344K, used 28288K [0x00000000c8c00000, 0x0000000100000000)
  region size 1024K, 22 young (22528K), 2 survivors (2048K)
 Metaspace       used 11874K, committed 12288K, reserved 1114112K
  class space    used 1595K, committed 1792K, reserved 1048576K
}
Event: 6.522 GC heap after
{Heap after GC invocations=3 (full 0):
 garbage-first heap   total 57344K, used 10235K [0x00000000c8c00000, 0x0000000100000000)
  region size 1024K, 3 young (3072K), 3 survivors (3072K)
 Metaspace       used 11874K, committed 12288K, reserved 1114112K
  class space    used 1595K, committed 1792K, reserved 1048576K
}
Event: 7.921 GC heap before
{Heap before GC invocations=3 (full 0):
 garbage-first heap   total 57344K, used 38907K [0x00000000c8c00000, 0x0000000100000000)
  region size 1024K, 32 young (32768K), 3 survivors (3072K)
 Metaspace       used 18557K, committed 19072K, reserved 1114112K
  class space    used 2624K, committed 2880K, reserved 1048576K
}
Event: 7.929 GC heap after
{Heap after GC invocations=4 (full 0):
 garbage-first heap   total 57344K, used 12356K [0x00000000c8c00000, 0x0000000100000000)
  region size 1024K, 4 young (4096K), 4 survivors (4096K)
 Metaspace       used 18557K, committed 19072K, reserved 1114112K
  class space    used 2624K, committed 2880K, reserved 1048576K
}
Event: 8.262 GC heap before
{Heap before GC invocations=4 (full 0):
 garbage-first heap   total 57344K, used 22596K [0x00000000c8c00000, 0x0000000100000000)
  region size 1024K, 16 young (16384K), 4 survivors (4096K)
 Metaspace       used 21029K, committed 21504K, reserved 1114112K
  class space    used 2890K, committed 3136K, reserved 1048576K
}
Event: 8.272 GC heap after
{Heap after GC invocations=5 (full 0):
 garbage-first heap   total 57344K, used 13769K [0x00000000c8c00000, 0x0000000100000000)
  region size 1024K, 4 young (4096K), 4 survivors (4096K)
 Metaspace       used 21029K, committed 21504K, reserved 1114112K
  class space    used 2890K, committed 3136K, reserved 1048576K
}
Event: 9.588 GC heap before
{Heap before GC invocations=6 (full 0):
 garbage-first heap   total 48128K, used 37321K [0x00000000c8c00000, 0x0000000100000000)
  region size 1024K, 28 young (28672K), 4 survivors (4096K)
 Metaspace       used 24047K, committed 24448K, reserved 1114112K
  class space    used 3350K, committed 3520K, reserved 1048576K
}
Event: 9.602 GC heap after
{Heap after GC invocations=7 (full 0):
 garbage-first heap   total 48128K, used 16145K [0x00000000c8c00000, 0x0000000100000000)
  region size 1024K, 4 young (4096K), 4 survivors (4096K)
 Metaspace       used 24047K, committed 24448K, reserved 1114112K
  class space    used 3350K, committed 3520K, reserved 1048576K
}
Event: 11.866 GC heap before
{Heap before GC invocations=7 (full 0):
 garbage-first heap   total 48128K, used 37649K [0x00000000c8c00000, 0x0000000100000000)
  region size 1024K, 26 young (26624K), 4 survivors (4096K)
 Metaspace       used 26696K, committed 27200K, reserved 1114112K
  class space    used 3750K, committed 3968K, reserved 1048576K
}
Event: 11.874 GC heap after
{Heap after GC invocations=8 (full 0):
 garbage-first heap   total 48128K, used 17626K [0x00000000c8c00000, 0x0000000100000000)
  region size 1024K, 2 young (2048K), 2 survivors (2048K)
 Metaspace       used 26696K, committed 27200K, reserved 1114112K
  class space    used 3750K, committed 3968K, reserved 1048576K
}
Event: 13.245 GC heap before
{Heap before GC invocations=8 (full 0):
 garbage-first heap   total 48128K, used 39130K [0x00000000c8c00000, 0x0000000100000000)
  region size 1024K, 23 young (23552K), 2 survivors (2048K)
 Metaspace       used 29577K, committed 30208K, reserved 1114112K
  class space    used 4256K, committed 4544K, reserved 1048576K
}
Event: 13.256 GC heap after
{Heap after GC invocations=9 (full 0):
 garbage-first heap   total 48128K, used 19855K [0x00000000c8c00000, 0x0000000100000000)
  region size 1024K, 3 young (3072K), 3 survivors (3072K)
 Metaspace       used 29577K, committed 30208K, reserved 1114112K
  class space    used 4256K, committed 4544K, reserved 1048576K
}
Event: 15.505 GC heap before
{Heap before GC invocations=9 (full 0):
 garbage-first heap   total 48128K, used 40335K [0x00000000c8c00000, 0x0000000100000000)
  region size 1024K, 23 young (23552K), 3 survivors (3072K)
 Metaspace       used 32668K, committed 33280K, reserved 1114112K
  class space    used 4613K, committed 4864K, reserved 1048576K
}
Event: 15.513 GC heap after
{Heap after GC invocations=10 (full 0):
 garbage-first heap   total 48128K, used 21718K [0x00000000c8c00000, 0x0000000100000000)
  region size 1024K, 2 young (2048K), 2 survivors (2048K)
 Metaspace       used 32668K, committed 33280K, reserved 1114112K
  class space    used 4613K, committed 4864K, reserved 1048576K
}
Event: 17.538 GC heap before
{Heap before GC invocations=10 (full 0):
 garbage-first heap   total 48128K, used 31958K [0x00000000c8c00000, 0x0000000100000000)
  region size 1024K, 13 young (13312K), 2 survivors (2048K)
 Metaspace       used 35525K, committed 36160K, reserved 1114112K
  class space    used 4942K, committed 5248K, reserved 1048576K
}
Event: 17.543 GC heap after
{Heap after GC invocations=11 (full 0):
 garbage-first heap   total 48128K, used 23406K [0x00000000c8c00000, 0x0000000100000000)
  region size 1024K, 2 young (2048K), 2 survivors (2048K)
 Metaspace       used 35525K, committed 36160K, reserved 1114112K
  class space    used 4942K, committed 5248K, reserved 1048576K
}

