# JRE version: OpenJDK Runtime Environment Microsoft-13877171 (21.0.11+10) (build 21.0.11+10-LTS)
# Java VM: OpenJDK 64-Bit Server VM Microsoft-13877171 (21.0.11+10-LTS, mixed mode, emulated-client, sharing, tiered, compressed oops, compressed class ptrs, g1 gc, windows-amd64)
GC Precious Log:
 CardTable entry size: 512
 Card Set container configuration: InlinePtr #cards 5 size 8 Array Of Cards #cards 12 size 40 Howl #buckets 4 coarsen threshold 1843 Howl Bitmap #cards 512 size 80 coarsen threshold 460 Card regions per heap region 1 cards per card region 2048
 CPUs: 4 total, 4 available
 Memory: 3530M
 Large Page Support: Disabled
 NUMA Support: Disabled
 Compressed Oops: Enabled (32-bit)
 Heap Region Size: 1M
 Heap Min Capacity: 8M
 Heap Initial Capacity: 56M
 Heap Max Capacity: 884M
 Pre-touch: Disabled
 Parallel Workers: 4
 Concurrent Workers: 1
 Concurrent Refinement Workers: 4
 Periodic GC: Disabled
Heap:
 garbage-first heap   total 130048K, used 70914K [0x00000000c8c00000, 0x0000000100000000)
  region size 1024K, 2 young (2048K), 2 survivors (2048K)
 Metaspace       used 66701K, committed 67392K, reserved 1114112K
  class space    used 9950K, committed 10240K, reserved 1048576K
GC Heap History (20 events):
Event: 14.108 GC heap after
{Heap after GC invocations=20 (full 0):
 garbage-first heap   total 61440K, used 33537K [0x00000000c8c00000, 0x0000000100000000)
  region size 1024K, 4 young (4096K), 4 survivors (4096K)
 Metaspace       used 65077K, committed 65792K, reserved 1114112K
  class space    used 9669K, committed 9984K, reserved 1048576K
}
Event: 14.180 GC heap before
{Heap before GC invocations=20 (full 0):
 garbage-first heap   total 61440K, used 55041K [0x00000000c8c00000, 0x0000000100000000)
  region size 1024K, 25 young (25600K), 4 survivors (4096K)
 Metaspace       used 65084K, committed 65792K, reserved 1114112K
  class space    used 9669K, committed 9984K, reserved 1048576K
}
Event: 14.188 GC heap after
{Heap after GC invocations=21 (full 0):
 garbage-first heap   total 61440K, used 34605K [0x00000000c8c00000, 0x0000000100000000)
  region size 1024K, 1 young (1024K), 1 survivors (1024K)
 Metaspace       used 65084K, committed 65792K, reserved 1114112K
  class space    used 9669K, committed 9984K, reserved 1048576K
}
Event: 14.378 GC heap before
{Heap before GC invocations=22 (full 0):
 garbage-first heap   total 61440K, used 54061K [0x00000000c8c00000, 0x0000000100000000)
  region size 1024K, 21 young (21504K), 1 survivors (1024K)
 Metaspace       used 66389K, committed 67136K, reserved 1114112K
  class space    used 9836K, committed 10176K, reserved 1048576K
}
Event: 14.385 GC heap after
{Heap after GC invocations=23 (full 0):
 garbage-first heap   total 61440K, used 38373K [0x00000000c8c00000, 0x0000000100000000)
  region size 1024K, 3 young (3072K), 3 survivors (3072K)
 Metaspace       used 66389K, committed 67136K, reserved 1114112K
  class space    used 9836K, committed 10176K, reserved 1048576K
}
Event: 14.464 GC heap before
{Heap before GC invocations=23 (full 0):
 garbage-first heap   total 61440K, used 53733K [0x00000000c8c00000, 0x0000000100000000)
  region size 1024K, 18 young (18432K), 3 survivors (3072K)
 Metaspace       used 66389K, committed 67136K, reserved 1114112K
  class space    used 9836K, committed 10176K, reserved 1048576K
}
Event: 14.479 GC heap after
{Heap after GC invocations=24 (full 0):
 garbage-first heap   total 64512K, used 43975K [0x00000000c8c00000, 0x0000000100000000)
  region size 1024K, 3 young (3072K), 3 survivors (3072K)
 Metaspace       used 66389K, committed 67136K, reserved 1114112K
  class space    used 9836K, committed 10176K, reserved 1048576K
}
Event: 14.526 GC heap before
{Heap before GC invocations=24 (full 0):
 garbage-first heap   total 64512K, used 55239K [0x00000000c8c00000, 0x0000000100000000)
  region size 1024K, 14 young (14336K), 3 survivors (3072K)
 Metaspace       used 66389K, committed 67136K, reserved 1114112K
  class space    used 9836K, committed 10176K, reserved 1048576K
}
Event: 14.536 GC heap after
{Heap after GC invocations=25 (full 0):
 garbage-first heap   total 112640K, used 47951K [0x00000000c8c00000, 0x0000000100000000)
  region size 1024K, 2 young (2048K), 2 survivors (2048K)
 Metaspace       used 66389K, committed 67136K, reserved 1114112K
  class space    used 9836K, committed 10176K, reserved 1048576K
}
Event: 15.118 GC heap before
{Heap before GC invocations=26 (full 0):
 garbage-first heap   total 112640K, used 93007K [0x00000000c8c00000, 0x0000000100000000)
  region size 1024K, 46 young (47104K), 2 survivors (2048K)
 Metaspace       used 66392K, committed 67136K, reserved 1114112K
  class space    used 9836K, committed 10176K, reserved 1048576K
}
Event: 15.139 GC heap after
{Heap after GC invocations=27 (full 0):
 garbage-first heap   total 112640K, used 59046K [0x00000000c8c00000, 0x0000000100000000)
  region size 1024K, 6 young (6144K), 6 survivors (6144K)
 Metaspace       used 66392K, committed 67136K, reserved 1114112K
  class space    used 9836K, committed 10176K, reserved 1048576K
}
Event: 15.276 GC heap before
{Heap before GC invocations=27 (full 0):
 garbage-first heap   total 112640K, used 93862K [0x00000000c8c00000, 0x0000000100000000)
  region size 1024K, 39 young (39936K), 6 survivors (6144K)
 Metaspace       used 66394K, committed 67136K, reserved 1114112K
  class space    used 9837K, committed 10176K, reserved 1048576K
}
Event: 15.309 GC heap after
{Heap after GC invocations=28 (full 0):
 garbage-first heap   total 114688K, used 72192K [0x00000000c8c00000, 0x0000000100000000)
  region size 1024K, 5 young (5120K), 5 survivors (5120K)
 Metaspace       used 66394K, committed 67136K, reserved 1114112K
  class space    used 9837K, committed 10176K, reserved 1048576K
}
Event: 15.480 GC heap before
{Heap before GC invocations=28 (full 0):
 garbage-first heap   total 114688K, used 94720K [0x00000000c8c00000, 0x0000000100000000)
  region size 1024K, 27 young (27648K), 5 survivors (5120K)
 Metaspace       used 66700K, committed 67392K, reserved 1114112K
  class space    used 9950K, committed 10240K, reserved 1048576K
}
Event: 15.504 GC heap after
{Heap after GC invocations=29 (full 0):
 garbage-first heap   total 114688K, used 77824K [0x00000000c8c00000, 0x0000000100000000)
  region size 1024K, 4 young (4096K), 4 survivors (4096K)
 Metaspace       used 66700K, committed 67392K, reserved 1114112K
  class space    used 9950K, committed 10240K, reserved 1048576K
}
Event: 15.623 GC heap before
{Heap before GC invocations=29 (full 0):
 garbage-first heap   total 114688K, used 97280K [0x00000000c8c00000, 0x0000000100000000)
  region size 1024K, 23 young (23552K), 4 survivors (4096K)
 Metaspace       used 66700K, committed 67392K, reserved 1114112K
  class space    used 9950K, committed 10240K, reserved 1048576K
}
Event: 15.634 GC heap after
{Heap after GC invocations=30 (full 0):
 garbage-first heap   total 114688K, used 79876K [0x00000000c8c00000, 0x0000000100000000)
  region size 1024K, 2 young (2048K), 2 survivors (2048K)
 Metaspace       used 66700K, committed 67392K, reserved 1114112K
  class space    used 9950K, committed 10240K, reserved 1048576K
}
Event: 15.814 GC heap before
{Heap before GC invocations=31 (full 0):
 garbage-first heap   total 130048K, used 96260K [0x00000000c8c00000, 0x0000000100000000)
  region size 1024K, 21 young (21504K), 2 survivors (2048K)
 Metaspace       used 66700K, committed 67392K, reserved 1114112K
  class space    used 9950K, committed 10240K, reserved 1048576K
}
Event: 15.824 GC heap after
{Heap after GC invocations=32 (full 0):
 garbage-first heap   total 130048K, used 79345K [0x00000000c8c00000, 0x0000000100000000)
  region size 1024K, 3 young (3072K), 3 survivors (3072K)
 Metaspace       used 66700K, committed 67392K, reserved 1114112K
  class space    used 9950K, committed 10240K, reserved 1048576K
}
Event: 16.004 GC heap before
{Heap before GC invocations=32 (full 0):
 garbage-first heap   total 130048K, used 109041K [0x00000000c8c00000, 0x0000000100000000)
  region size 1024K, 32 young (32768K), 3 survivors (3072K)
 Metaspace       used 66701K, committed 67392K, reserved 1114112K
  class space    used 9950K, committed 10240K, reserved 1048576K
}

